<?xml version="1.0" encoding="UTF-8"?>
<testsuite xmlns:xsi="http://www.w3.org/2001/XMLSchema-instance" xsi:noNamespaceSchemaLocation="https://maven.apache.org/surefire/maven-surefire-plugin/xsd/surefire-test-report-3.0.xsd" version="3.0" name="TestSuite" time="4.922" tests="5" errors="0" skipped="3" failures="2">
  <properties>
[...]
</properties>
  <testcase name="launchApp" classname="testcases.TC001" time="4.679">
    <failure message="session not created&#10;from no such window: window was already closed&#10;  (Session info: chrome=79.0.3945.88)&#10;Build info: version: &apos;3.141.59&apos;, revision: &apos;e82be7d358&apos;, time: &apos;2018-11-14T08:17:03&apos;&#10;System info: host: &apos;TYSS-SR-021&apos;, ip: &apos;192.168.43.235&apos;, os.name: &apos;Windows 8.1&apos;, os.arch: &apos;amd64&apos;, os.version: &apos;6.3&apos;, java.version: &apos;1.8.0_251&apos;&#10;Driver info: driver.version: ChromeDriver&#10;remote stacktrace: Backtrace:&#10;	Ordinal0 [0x0153A113+1548563]&#10;	Ordinal0 [0x014BDDA1+1039777]&#10;	Ordinal0 [0x0143E485+517253]&#10;	Ordinal0 [0x01438B74+494452]&#10;	Ordinal0 [0x01439855+497749]&#10;	Ordinal0 [0x01435885+481413]&#10;	Ordinal0 [0x0143F0D0+520400]&#10;	Ordinal0 [0x013EC030+180272]&#10;	Ordinal0 [0x013EB59D+177565]&#10;	Ordinal0 [0x013E95FB+169467]&#10;	Ordinal0 [0x013D160A+71178]&#10;	Ordinal0 [0x013D2690+75408]&#10;	Ordinal0 [0x013D2629+75305]&#10;	Ordinal0 [0x014D71B7+1143223]&#10;	GetHandleVerifier [0x015D2B46+507814]&#10;	GetHandleVerifier [0x015D2864+507076]&#10;	GetHandleVerifier [0x015D9F47+537511]&#10;	GetHandleVerifier [0x015D3402+510050]&#10;	Ordinal0 [0x014CF29C+1110684]&#10;	Ordinal0 [0x014D938B+1151883]&#10;	Ordinal0 [0x014D94F3+1152243]&#10;	Ordinal0 [0x014D83F5+1147893]&#10;	BaseThreadInitThunk [0x74DD6A14+36]&#10;	RtlInitializeExceptionChain [0x7713ADCF+143]&#10;	RtlInitializeExceptionChain [0x7713AD9A+90]&#10;" type="org.openqa.selenium.SessionNotCreatedException"><![CDATA[org.openqa.selenium.SessionNotCreatedException: 
session not created
from no such window: window was already closed
  (Session info: chrome=79.0.3945.88)
Build info: version: '3.141.59', revision: 'e82be7d358', time: '2018-11-14T08:17:03'
System info: host: 'TYSS-SR-021', ip: '192.168.43.235', os.name: 'Windows 8.1', os.arch: 'amd64', os.version: '6.3', java.version: '1.8.0_251'
Driver info: driver.version: ChromeDriver
remote stacktrace: Backtrace:
	Ordinal0 [0x0153A113+1548563]
	Ordinal0 [0x014BDDA1+1039777]
	Ordinal0 [0x0143E485+517253]
	Ordinal0 [0x01438B74+494452]
	Ordinal0 [0x01439855+497749]
	Ordinal0 [0x01435885+481413]
	Ordinal0 [0x0143F0D0+520400]
	Ordinal0 [0x013EC030+180272]
	Ordinal0 [0x013EB59D+177565]
	Ordinal0 [0x013E95FB+169467]
	Ordinal0 [0x013D160A+71178]
	Ordinal0 [0x013D2690+75408]
	Ordinal0 [0x013D2629+75305]
	Ordinal0 [0x014D71B7+1143223]
	GetHandleVerifier [0x015D2B46+507814]
	GetHandleVerifier [0x015D2864+507076]
	GetHandleVerifier [0x015D9F47+537511]
	GetHandleVerifier [0x015D3402+510050]
	Ordinal0 [0x014CF29C+1110684]
	Ordinal0 [0x014D938B+1151883]
	Ordinal0 [0x014D94F3+1152243]
	Ordinal0 [0x014D83F5+1147893]
	BaseThreadInitThunk [0x74DD6A14+36]
	RtlInitializeExceptionChain [0x7713ADCF+143]
	RtlInitializeExceptionChain [0x7713AD9A+90]

]]></failure>
    <system-err><![CDATA[Starting ChromeDriver 79.0.3945.36 (3582db32b33893869b8c1339e8f4d9ed1816f143-refs/branch-heads/3945@{#614}) on port 16035
Only local connections are allowed.
Please protect ports used by ChromeDriver and related test frameworks to prevent access by malicious code.
]]></system-err>
  </testcase>
  <testcase name="loginToApp" classname="testcases.TC001" time="0">
    <skipped/>
  </testcase>
  <testcase name="addProductToCart" classname="testcases.TC001" time="0">
    <skipped message="session not created&#10;from no such window: window was already closed&#10;  (Session info: chrome=79.0.3945.88)&#10;Build info: version: &apos;3.141.59&apos;, revision: &apos;e82be7d358&apos;, time: &apos;2018-11-14T08:17:03&apos;&#10;System info: host: &apos;TYSS-SR-021&apos;, ip: &apos;192.168.43.235&apos;, os.name: &apos;Windows 8.1&apos;, os.arch: &apos;amd64&apos;, os.version: &apos;6.3&apos;, java.version: &apos;1.8.0_251&apos;&#10;Driver info: driver.version: ChromeDriver&#10;remote stacktrace: Backtrace:&#10;	Ordinal0 [0x0153A113+1548563]&#10;	Ordinal0 [0x014BDDA1+1039777]&#10;	Ordinal0 [0x0143E485+517253]&#10;	Ordinal0 [0x01438B74+494452]&#10;	Ordinal0 [0x01439855+497749]&#10;	Ordinal0 [0x01435885+481413]&#10;	Ordinal0 [0x0143F0D0+520400]&#10;	Ordinal0 [0x013EC030+180272]&#10;	Ordinal0 [0x013EB59D+177565]&#10;	Ordinal0 [0x013E95FB+169467]&#10;	Ordinal0 [0x013D160A+71178]&#10;	Ordinal0 [0x013D2690+75408]&#10;	Ordinal0 [0x013D2629+75305]&#10;	Ordinal0 [0x014D71B7+1143223]&#10;	GetHandleVerifier [0x015D2B46+507814]&#10;	GetHandleVerifier [0x015D2864+507076]&#10;	GetHandleVerifier [0x015D9F47+537511]&#10;	GetHandleVerifier [0x015D3402+510050]&#10;	Ordinal0 [0x014CF29C+1110684]&#10;	Ordinal0 [0x014D938B+1151883]&#10;	Ordinal0 [0x014D94F3+1152243]&#10;	Ordinal0 [0x014D83F5+1147893]&#10;	BaseThreadInitThunk [0x74DD6A14+36]&#10;	RtlInitializeExceptionChain [0x7713ADCF+143]&#10;	RtlInitializeExceptionChain [0x7713AD9A+90]&#10;"/>
  </testcase>
  <testcase name="logoutFromApp" classname="testcases.TC001" time="0">
    <skipped/>
  </testcase>
  <testcase name="closeApp" classname="testcases.TC001" time="0.005">
    <failure type="java.lang.NullPointerException"><![CDATA[java.lang.NullPointerException
]]></failure>
  </testcase>
</testsuite>